Analysis & Synthesis report for my_stopwatch
Mon May 03 22:24:39 2021
Quartus II 64-Bit Version 13.1.0 Build 162 10/23/2013 SJ Web Edition


---------------------
; Table of Contents ;
---------------------
  1. Legal Notice
  2. Analysis & Synthesis Summary
  3. Analysis & Synthesis Settings
  4. Parallel Compilation
  5. Analysis & Synthesis Source Files Read
  6. Analysis & Synthesis Resource Usage Summary
  7. Analysis & Synthesis Resource Utilization by Entity
  8. Registers Removed During Synthesis
  9. General Register Statistics
 10. Inverted Register Statistics
 11. Multiplexer Restructuring Statistics (Restructuring Performed)
 12. Parameter Settings for User Entity Instance: stopwatch_01:inst
 13. Parameter Settings for Inferred Entity Instance: stopwatch_01:inst|lpm_divide:Div4
 14. Parameter Settings for Inferred Entity Instance: stopwatch_01:inst|lpm_divide:Mod4
 15. Parameter Settings for Inferred Entity Instance: stopwatch_01:inst|lpm_divide:Mod3
 16. Parameter Settings for Inferred Entity Instance: stopwatch_01:inst|lpm_divide:Mod2
 17. Parameter Settings for Inferred Entity Instance: stopwatch_01:inst|lpm_divide:Div3
 18. Parameter Settings for Inferred Entity Instance: stopwatch_01:inst|lpm_divide:Mod1
 19. Parameter Settings for Inferred Entity Instance: stopwatch_01:inst|lpm_divide:Div2
 20. Parameter Settings for Inferred Entity Instance: stopwatch_01:inst|lpm_divide:Div1
 21. Parameter Settings for Inferred Entity Instance: stopwatch_01:inst|lpm_divide:Mod0
 22. Parameter Settings for Inferred Entity Instance: stopwatch_01:inst|lpm_divide:Div0
 23. Elapsed Time Per Partition
 24. Analysis & Synthesis Messages
 25. Analysis & Synthesis Suppressed Messages



----------------
; Legal Notice ;
----------------
Copyright (C) 1991-2013 Altera Corporation
Your use of Altera Corporation's design tools, logic functions 
and other software and tools, and its AMPP partner logic 
functions, and any output files from any of the foregoing 
(including device programming or simulation files), and any 
associated documentation or information are expressly subject 
to the terms and conditions of the Altera Program License 
Subscription Agreement, Altera MegaCore Function License 
Agreement, or other applicable license agreement, including, 
without limitation, that your use is for the sole purpose of 
programming logic devices manufactured by Altera and sold by 
Altera or its authorized distributors.  Please refer to the 
applicable agreement for further details.



+------------------------------------------------------------------------------+
; Analysis & Synthesis Summary                                                 ;
+---------------------------------+--------------------------------------------+
; Analysis & Synthesis Status     ; Successful - Mon May 03 22:24:39 2021      ;
; Quartus II 64-Bit Version       ; 13.1.0 Build 162 10/23/2013 SJ Web Edition ;
; Revision Name                   ; my_stopwatch                               ;
; Top-level Entity Name           ; my_stopwatch                               ;
; Family                          ; Cyclone V                                  ;
; Logic utilization (in ALMs)     ; N/A                                        ;
; Total registers                 ; 123                                        ;
; Total pins                      ; 57                                         ;
; Total virtual pins              ; 0                                          ;
; Total block memory bits         ; 0                                          ;
; Total DSP Blocks                ; 0                                          ;
; Total HSSI RX PCSs              ; 0                                          ;
; Total HSSI PMA RX Deserializers ; 0                                          ;
; Total HSSI TX PCSs              ; 0                                          ;
; Total HSSI TX Channels          ; 0                                          ;
; Total PLLs                      ; 0                                          ;
; Total DLLs                      ; 0                                          ;
+---------------------------------+--------------------------------------------+


+---------------------------------------------------------------------------------------------------------------------------+
; Analysis & Synthesis Settings                                                                                             ;
+---------------------------------------------------------------------------------+--------------------+--------------------+
; Option                                                                          ; Setting            ; Default Value      ;
+---------------------------------------------------------------------------------+--------------------+--------------------+
; Device                                                                          ; 5CSEMA5F31C6       ;                    ;
; Top-level entity name                                                           ; my_stopwatch       ; my_stopwatch       ;
; Family name                                                                     ; Cyclone V          ; Cyclone IV GX      ;
; Use smart compilation                                                           ; Off                ; Off                ;
; Enable parallel Assembler and TimeQuest Timing Analyzer during compilation      ; On                 ; On                 ;
; Enable compact report table                                                     ; Off                ; Off                ;
; Restructure Multiplexers                                                        ; Auto               ; Auto               ;
; MLAB Add Timing Constraints For Mixed-Port Feed-Through Mode Setting Don't Care ; Off                ; Off                ;
; Create Debugging Nodes for IP Cores                                             ; Off                ; Off                ;
; Preserve fewer node names                                                       ; On                 ; On                 ;
; Disable OpenCore Plus hardware evaluation                                       ; Off                ; Off                ;
; Verilog Version                                                                 ; Verilog_2001       ; Verilog_2001       ;
; VHDL Version                                                                    ; VHDL_1993          ; VHDL_1993          ;
; State Machine Processing                                                        ; Auto               ; Auto               ;
; Safe State Machine                                                              ; Off                ; Off                ;
; Extract Verilog State Machines                                                  ; On                 ; On                 ;
; Extract VHDL State Machines                                                     ; On                 ; On                 ;
; Ignore Verilog initial constructs                                               ; Off                ; Off                ;
; Iteration limit for constant Verilog loops                                      ; 5000               ; 5000               ;
; Iteration limit for non-constant Verilog loops                                  ; 250                ; 250                ;
; Add Pass-Through Logic to Inferred RAMs                                         ; On                 ; On                 ;
; Infer RAMs from Raw Logic                                                       ; On                 ; On                 ;
; Parallel Synthesis                                                              ; On                 ; On                 ;
; DSP Block Balancing                                                             ; Auto               ; Auto               ;
; NOT Gate Push-Back                                                              ; On                 ; On                 ;
; Power-Up Don't Care                                                             ; On                 ; On                 ;
; Remove Redundant Logic Cells                                                    ; Off                ; Off                ;
; Remove Duplicate Registers                                                      ; On                 ; On                 ;
; Ignore CARRY Buffers                                                            ; Off                ; Off                ;
; Ignore CASCADE Buffers                                                          ; Off                ; Off                ;
; Ignore GLOBAL Buffers                                                           ; Off                ; Off                ;
; Ignore ROW GLOBAL Buffers                                                       ; Off                ; Off                ;
; Ignore LCELL Buffers                                                            ; Off                ; Off                ;
; Ignore SOFT Buffers                                                             ; On                 ; On                 ;
; Limit AHDL Integers to 32 Bits                                                  ; Off                ; Off                ;
; Optimization Technique                                                          ; Balanced           ; Balanced           ;
; Carry Chain Length                                                              ; 70                 ; 70                 ;
; Auto Carry Chains                                                               ; On                 ; On                 ;
; Auto Open-Drain Pins                                                            ; On                 ; On                 ;
; Perform WYSIWYG Primitive Resynthesis                                           ; Off                ; Off                ;
; Auto ROM Replacement                                                            ; On                 ; On                 ;
; Auto RAM Replacement                                                            ; On                 ; On                 ;
; Auto DSP Block Replacement                                                      ; On                 ; On                 ;
; Auto Shift Register Replacement                                                 ; Auto               ; Auto               ;
; Allow Shift Register Merging across Hierarchies                                 ; Auto               ; Auto               ;
; Auto Clock Enable Replacement                                                   ; On                 ; On                 ;
; Strict RAM Replacement                                                          ; Off                ; Off                ;
; Allow Synchronous Control Signals                                               ; On                 ; On                 ;
; Force Use of Synchronous Clear Signals                                          ; Off                ; Off                ;
; Auto Resource Sharing                                                           ; Off                ; Off                ;
; Allow Any RAM Size For Recognition                                              ; Off                ; Off                ;
; Allow Any ROM Size For Recognition                                              ; Off                ; Off                ;
; Allow Any Shift Register Size For Recognition                                   ; Off                ; Off                ;
; Use LogicLock Constraints during Resource Balancing                             ; On                 ; On                 ;
; Ignore translate_off and synthesis_off directives                               ; Off                ; Off                ;
; Timing-Driven Synthesis                                                         ; On                 ; On                 ;
; Report Parameter Settings                                                       ; On                 ; On                 ;
; Report Source Assignments                                                       ; On                 ; On                 ;
; Report Connectivity Checks                                                      ; On                 ; On                 ;
; Ignore Maximum Fan-Out Assignments                                              ; Off                ; Off                ;
; Synchronization Register Chain Length                                           ; 3                  ; 3                  ;
; PowerPlay Power Optimization                                                    ; Normal compilation ; Normal compilation ;
; HDL message level                                                               ; Level2             ; Level2             ;
; Suppress Register Optimization Related Messages                                 ; Off                ; Off                ;
; Number of Removed Registers Reported in Synthesis Report                        ; 5000               ; 5000               ;
; Number of Swept Nodes Reported in Synthesis Report                              ; 5000               ; 5000               ;
; Number of Inverted Registers Reported in Synthesis Report                       ; 100                ; 100                ;
; Clock MUX Protection                                                            ; On                 ; On                 ;
; Auto Gated Clock Conversion                                                     ; Off                ; Off                ;
; Block Design Naming                                                             ; Auto               ; Auto               ;
; SDC constraint protection                                                       ; Off                ; Off                ;
; Synthesis Effort                                                                ; Auto               ; Auto               ;
; Shift Register Replacement - Allow Asynchronous Clear Signal                    ; On                 ; On                 ;
; Pre-Mapping Resynthesis Optimization                                            ; Off                ; Off                ;
; Analysis & Synthesis Message Level                                              ; Medium             ; Medium             ;
; Disable Register Merging Across Hierarchies                                     ; Auto               ; Auto               ;
; Resource Aware Inference For Block RAM                                          ; On                 ; On                 ;
; Synthesis Seed                                                                  ; 1                  ; 1                  ;
; Automatic Parallel Synthesis                                                    ; On                 ; On                 ;
+---------------------------------------------------------------------------------+--------------------+--------------------+


Parallel compilation was disabled, but you have multiple processors available. Enable parallel compilation to reduce compilation time.
+-------------------------------------+
; Parallel Compilation                ;
+----------------------------+--------+
; Processors                 ; Number ;
+----------------------------+--------+
; Number detected on machine ; 8      ;
; Maximum allowed            ; 1      ;
+----------------------------+--------+


+--------------------------------------------------------------------------------------------------------------------------------------------------------------------+
; Analysis & Synthesis Source Files Read                                                                                                                             ;
+----------------------------------+-----------------+------------------------------------+----------------------------------------------------------------+---------+
; File Name with User-Entered Path ; Used in Netlist ; File Type                          ; File Name with Absolute Path                                   ; Library ;
+----------------------------------+-----------------+------------------------------------+----------------------------------------------------------------+---------+
; my_stopwatch.bdf                 ; yes             ; User Block Diagram/Schematic File  ; D:/FPGA_demos/my_stopwatch/my_stopwatch.bdf                    ;         ;
; my_stopwatch.v                   ; yes             ; User Verilog HDL File              ; D:/FPGA_demos/my_stopwatch/my_stopwatch.v                      ;         ;
; lpm_divide.tdf                   ; yes             ; Megafunction                       ; e:/quartus/quartus/libraries/megafunctions/lpm_divide.tdf      ;         ;
; abs_divider.inc                  ; yes             ; Megafunction                       ; e:/quartus/quartus/libraries/megafunctions/abs_divider.inc     ;         ;
; sign_div_unsign.inc              ; yes             ; Megafunction                       ; e:/quartus/quartus/libraries/megafunctions/sign_div_unsign.inc ;         ;
; aglobal131.inc                   ; yes             ; Megafunction                       ; e:/quartus/quartus/libraries/megafunctions/aglobal131.inc      ;         ;
; db/lpm_divide_qbm.tdf            ; yes             ; Auto-Generated Megafunction        ; D:/FPGA_demos/my_stopwatch/db/lpm_divide_qbm.tdf               ;         ;
; db/sign_div_unsign_0mh.tdf       ; yes             ; Auto-Generated Megafunction        ; D:/FPGA_demos/my_stopwatch/db/sign_div_unsign_0mh.tdf          ;         ;
; db/alt_u_div_60f.tdf             ; yes             ; Auto-Generated Megafunction        ; D:/FPGA_demos/my_stopwatch/db/alt_u_div_60f.tdf                ;         ;
; db/lpm_divide_q3m.tdf            ; yes             ; Auto-Generated Megafunction        ; D:/FPGA_demos/my_stopwatch/db/lpm_divide_q3m.tdf               ;         ;
; db/sign_div_unsign_tlh.tdf       ; yes             ; Auto-Generated Megafunction        ; D:/FPGA_demos/my_stopwatch/db/sign_div_unsign_tlh.tdf          ;         ;
; db/alt_u_div_00f.tdf             ; yes             ; Auto-Generated Megafunction        ; D:/FPGA_demos/my_stopwatch/db/alt_u_div_00f.tdf                ;         ;
; db/lpm_divide_t3m.tdf            ; yes             ; Auto-Generated Megafunction        ; D:/FPGA_demos/my_stopwatch/db/lpm_divide_t3m.tdf               ;         ;
; db/lpm_divide_4am.tdf            ; yes             ; Auto-Generated Megafunction        ; D:/FPGA_demos/my_stopwatch/db/lpm_divide_4am.tdf               ;         ;
; db/sign_div_unsign_akh.tdf       ; yes             ; Auto-Generated Megafunction        ; D:/FPGA_demos/my_stopwatch/db/sign_div_unsign_akh.tdf          ;         ;
; db/alt_u_div_qse.tdf             ; yes             ; Auto-Generated Megafunction        ; D:/FPGA_demos/my_stopwatch/db/alt_u_div_qse.tdf                ;         ;
; db/lpm_divide_a5m.tdf            ; yes             ; Auto-Generated Megafunction        ; D:/FPGA_demos/my_stopwatch/db/lpm_divide_a5m.tdf               ;         ;
; db/sign_div_unsign_dnh.tdf       ; yes             ; Auto-Generated Megafunction        ; D:/FPGA_demos/my_stopwatch/db/sign_div_unsign_dnh.tdf          ;         ;
; db/alt_u_div_03f.tdf             ; yes             ; Auto-Generated Megafunction        ; D:/FPGA_demos/my_stopwatch/db/alt_u_div_03f.tdf                ;         ;
; db/lpm_divide_ucm.tdf            ; yes             ; Auto-Generated Megafunction        ; D:/FPGA_demos/my_stopwatch/db/lpm_divide_ucm.tdf               ;         ;
; db/sign_div_unsign_4nh.tdf       ; yes             ; Auto-Generated Megafunction        ; D:/FPGA_demos/my_stopwatch/db/sign_div_unsign_4nh.tdf          ;         ;
; db/alt_u_div_e2f.tdf             ; yes             ; Auto-Generated Megafunction        ; D:/FPGA_demos/my_stopwatch/db/alt_u_div_e2f.tdf                ;         ;
; db/lpm_divide_7dm.tdf            ; yes             ; Auto-Generated Megafunction        ; D:/FPGA_demos/my_stopwatch/db/lpm_divide_7dm.tdf               ;         ;
; db/lpm_divide_adm.tdf            ; yes             ; Auto-Generated Megafunction        ; D:/FPGA_demos/my_stopwatch/db/lpm_divide_adm.tdf               ;         ;
; db/sign_div_unsign_gnh.tdf       ; yes             ; Auto-Generated Megafunction        ; D:/FPGA_demos/my_stopwatch/db/sign_div_unsign_gnh.tdf          ;         ;
; db/alt_u_div_63f.tdf             ; yes             ; Auto-Generated Megafunction        ; D:/FPGA_demos/my_stopwatch/db/alt_u_div_63f.tdf                ;         ;
+----------------------------------+-----------------+------------------------------------+----------------------------------------------------------------+---------+


+-----------------------------------------------------------+
; Analysis & Synthesis Resource Usage Summary               ;
+---------------------------------------------+-------------+
; Resource                                    ; Usage       ;
+---------------------------------------------+-------------+
; Estimate of Logic utilization (ALMs needed) ; 850         ;
;                                             ;             ;
; Combinational ALUT usage for logic          ; 1682        ;
;     -- 7 input functions                    ; 1           ;
;     -- 6 input functions                    ; 9           ;
;     -- 5 input functions                    ; 34          ;
;     -- 4 input functions                    ; 318         ;
;     -- <=3 input functions                  ; 1320        ;
;                                             ;             ;
; Dedicated logic registers                   ; 123         ;
;                                             ;             ;
; I/O pins                                    ; 57          ;
; Total DSP Blocks                            ; 0           ;
; Maximum fan-out node                        ; CLOCK~input ;
; Maximum fan-out                             ; 123         ;
; Total fan-out                               ; 5453        ;
; Average fan-out                             ; 2.84        ;
+---------------------------------------------+-------------+


+---------------------------------------------------------------------------------------------------------------------------------------------------------------------------------------------------------------------------------------------------------------------------------------+
; Analysis & Synthesis Resource Utilization by Entity                                                                                                                                                                                                                                   ;
+--------------------------------------------+-------------------+--------------+-------------------+------------+------+--------------+---------------------------------------------------------------------------------------------------------------------------------+--------------+
; Compilation Hierarchy Node                 ; LC Combinationals ; LC Registers ; Block Memory Bits ; DSP Blocks ; Pins ; Virtual Pins ; Full Hierarchy Name                                                                                                             ; Library Name ;
+--------------------------------------------+-------------------+--------------+-------------------+------------+------+--------------+---------------------------------------------------------------------------------------------------------------------------------+--------------+
; |my_stopwatch                              ; 1682 (0)          ; 123 (0)      ; 0                 ; 0          ; 57   ; 0            ; |my_stopwatch                                                                                                                   ; work         ;
;    |debouncer:inst6|                       ; 33 (33)           ; 34 (34)      ; 0                 ; 0          ; 0    ; 0            ; |my_stopwatch|debouncer:inst6                                                                                                   ; work         ;
;    |debouncer:inst7|                       ; 1 (1)             ; 2 (2)        ; 0                 ; 0          ; 0    ; 0            ; |my_stopwatch|debouncer:inst7                                                                                                   ; work         ;
;    |debouncer:inst8|                       ; 1 (1)             ; 2 (2)        ; 0                 ; 0          ; 0    ; 0            ; |my_stopwatch|debouncer:inst8                                                                                                   ; work         ;
;    |debouncer:inst9|                       ; 1 (1)             ; 2 (2)        ; 0                 ; 0          ; 0    ; 0            ; |my_stopwatch|debouncer:inst9                                                                                                   ; work         ;
;    |stopwatch_01:inst|                     ; 1646 (46)         ; 83 (83)      ; 0                 ; 0          ; 0    ; 0            ; |my_stopwatch|stopwatch_01:inst                                                                                                 ; work         ;
;       |lpm_divide:Div0|                    ; 138 (0)           ; 0 (0)        ; 0                 ; 0          ; 0    ; 0            ; |my_stopwatch|stopwatch_01:inst|lpm_divide:Div0                                                                                 ; work         ;
;          |lpm_divide_adm:auto_generated|   ; 138 (0)           ; 0 (0)        ; 0                 ; 0          ; 0    ; 0            ; |my_stopwatch|stopwatch_01:inst|lpm_divide:Div0|lpm_divide_adm:auto_generated                                                   ; work         ;
;             |sign_div_unsign_gnh:divider|  ; 138 (0)           ; 0 (0)        ; 0                 ; 0          ; 0    ; 0            ; |my_stopwatch|stopwatch_01:inst|lpm_divide:Div0|lpm_divide_adm:auto_generated|sign_div_unsign_gnh:divider                       ; work         ;
;                |alt_u_div_63f:divider|     ; 138 (138)         ; 0 (0)        ; 0                 ; 0          ; 0    ; 0            ; |my_stopwatch|stopwatch_01:inst|lpm_divide:Div0|lpm_divide_adm:auto_generated|sign_div_unsign_gnh:divider|alt_u_div_63f:divider ; work         ;
;       |lpm_divide:Div1|                    ; 210 (0)           ; 0 (0)        ; 0                 ; 0          ; 0    ; 0            ; |my_stopwatch|stopwatch_01:inst|lpm_divide:Div1                                                                                 ; work         ;
;          |lpm_divide_7dm:auto_generated|   ; 210 (0)           ; 0 (0)        ; 0                 ; 0          ; 0    ; 0            ; |my_stopwatch|stopwatch_01:inst|lpm_divide:Div1|lpm_divide_7dm:auto_generated                                                   ; work         ;
;             |sign_div_unsign_dnh:divider|  ; 210 (0)           ; 0 (0)        ; 0                 ; 0          ; 0    ; 0            ; |my_stopwatch|stopwatch_01:inst|lpm_divide:Div1|lpm_divide_7dm:auto_generated|sign_div_unsign_dnh:divider                       ; work         ;
;                |alt_u_div_03f:divider|     ; 210 (210)         ; 0 (0)        ; 0                 ; 0          ; 0    ; 0            ; |my_stopwatch|stopwatch_01:inst|lpm_divide:Div1|lpm_divide_7dm:auto_generated|sign_div_unsign_dnh:divider|alt_u_div_03f:divider ; work         ;
;       |lpm_divide:Div2|                    ; 85 (0)            ; 0 (0)        ; 0                 ; 0          ; 0    ; 0            ; |my_stopwatch|stopwatch_01:inst|lpm_divide:Div2                                                                                 ; work         ;
;          |lpm_divide_ucm:auto_generated|   ; 85 (0)            ; 0 (0)        ; 0                 ; 0          ; 0    ; 0            ; |my_stopwatch|stopwatch_01:inst|lpm_divide:Div2|lpm_divide_ucm:auto_generated                                                   ; work         ;
;             |sign_div_unsign_4nh:divider|  ; 85 (0)            ; 0 (0)        ; 0                 ; 0          ; 0    ; 0            ; |my_stopwatch|stopwatch_01:inst|lpm_divide:Div2|lpm_divide_ucm:auto_generated|sign_div_unsign_4nh:divider                       ; work         ;
;                |alt_u_div_e2f:divider|     ; 85 (85)           ; 0 (0)        ; 0                 ; 0          ; 0    ; 0            ; |my_stopwatch|stopwatch_01:inst|lpm_divide:Div2|lpm_divide_ucm:auto_generated|sign_div_unsign_4nh:divider|alt_u_div_e2f:divider ; work         ;
;       |lpm_divide:Div3|                    ; 40 (0)            ; 0 (0)        ; 0                 ; 0          ; 0    ; 0            ; |my_stopwatch|stopwatch_01:inst|lpm_divide:Div3                                                                                 ; work         ;
;          |lpm_divide_4am:auto_generated|   ; 40 (0)            ; 0 (0)        ; 0                 ; 0          ; 0    ; 0            ; |my_stopwatch|stopwatch_01:inst|lpm_divide:Div3|lpm_divide_4am:auto_generated                                                   ; work         ;
;             |sign_div_unsign_akh:divider|  ; 40 (0)            ; 0 (0)        ; 0                 ; 0          ; 0    ; 0            ; |my_stopwatch|stopwatch_01:inst|lpm_divide:Div3|lpm_divide_4am:auto_generated|sign_div_unsign_akh:divider                       ; work         ;
;                |alt_u_div_qse:divider|     ; 40 (40)           ; 0 (0)        ; 0                 ; 0          ; 0    ; 0            ; |my_stopwatch|stopwatch_01:inst|lpm_divide:Div3|lpm_divide_4am:auto_generated|sign_div_unsign_akh:divider|alt_u_div_qse:divider ; work         ;
;       |lpm_divide:Div4|                    ; 231 (0)           ; 0 (0)        ; 0                 ; 0          ; 0    ; 0            ; |my_stopwatch|stopwatch_01:inst|lpm_divide:Div4                                                                                 ; work         ;
;          |lpm_divide_qbm:auto_generated|   ; 231 (0)           ; 0 (0)        ; 0                 ; 0          ; 0    ; 0            ; |my_stopwatch|stopwatch_01:inst|lpm_divide:Div4|lpm_divide_qbm:auto_generated                                                   ; work         ;
;             |sign_div_unsign_0mh:divider|  ; 231 (0)           ; 0 (0)        ; 0                 ; 0          ; 0    ; 0            ; |my_stopwatch|stopwatch_01:inst|lpm_divide:Div4|lpm_divide_qbm:auto_generated|sign_div_unsign_0mh:divider                       ; work         ;
;                |alt_u_div_60f:divider|     ; 231 (231)         ; 0 (0)        ; 0                 ; 0          ; 0    ; 0            ; |my_stopwatch|stopwatch_01:inst|lpm_divide:Div4|lpm_divide_qbm:auto_generated|sign_div_unsign_0mh:divider|alt_u_div_60f:divider ; work         ;
;       |lpm_divide:Mod0|                    ; 60 (0)            ; 0 (0)        ; 0                 ; 0          ; 0    ; 0            ; |my_stopwatch|stopwatch_01:inst|lpm_divide:Mod0                                                                                 ; work         ;
;          |lpm_divide_q3m:auto_generated|   ; 60 (0)            ; 0 (0)        ; 0                 ; 0          ; 0    ; 0            ; |my_stopwatch|stopwatch_01:inst|lpm_divide:Mod0|lpm_divide_q3m:auto_generated                                                   ; work         ;
;             |sign_div_unsign_tlh:divider|  ; 60 (0)            ; 0 (0)        ; 0                 ; 0          ; 0    ; 0            ; |my_stopwatch|stopwatch_01:inst|lpm_divide:Mod0|lpm_divide_q3m:auto_generated|sign_div_unsign_tlh:divider                       ; work         ;
;                |alt_u_div_00f:divider|     ; 60 (60)           ; 0 (0)        ; 0                 ; 0          ; 0    ; 0            ; |my_stopwatch|stopwatch_01:inst|lpm_divide:Mod0|lpm_divide_q3m:auto_generated|sign_div_unsign_tlh:divider|alt_u_div_00f:divider ; work         ;
;       |lpm_divide:Mod1|                    ; 244 (0)           ; 0 (0)        ; 0                 ; 0          ; 0    ; 0            ; |my_stopwatch|stopwatch_01:inst|lpm_divide:Mod1                                                                                 ; work         ;
;          |lpm_divide_a5m:auto_generated|   ; 244 (0)           ; 0 (0)        ; 0                 ; 0          ; 0    ; 0            ; |my_stopwatch|stopwatch_01:inst|lpm_divide:Mod1|lpm_divide_a5m:auto_generated                                                   ; work         ;
;             |sign_div_unsign_dnh:divider|  ; 244 (0)           ; 0 (0)        ; 0                 ; 0          ; 0    ; 0            ; |my_stopwatch|stopwatch_01:inst|lpm_divide:Mod1|lpm_divide_a5m:auto_generated|sign_div_unsign_dnh:divider                       ; work         ;
;                |alt_u_div_03f:divider|     ; 244 (244)         ; 0 (0)        ; 0                 ; 0          ; 0    ; 0            ; |my_stopwatch|stopwatch_01:inst|lpm_divide:Mod1|lpm_divide_a5m:auto_generated|sign_div_unsign_dnh:divider|alt_u_div_03f:divider ; work         ;
;       |lpm_divide:Mod2|                    ; 250 (0)           ; 0 (0)        ; 0                 ; 0          ; 0    ; 0            ; |my_stopwatch|stopwatch_01:inst|lpm_divide:Mod2                                                                                 ; work         ;
;          |lpm_divide_t3m:auto_generated|   ; 250 (0)           ; 0 (0)        ; 0                 ; 0          ; 0    ; 0            ; |my_stopwatch|stopwatch_01:inst|lpm_divide:Mod2|lpm_divide_t3m:auto_generated                                                   ; work         ;
;             |sign_div_unsign_0mh:divider|  ; 250 (0)           ; 0 (0)        ; 0                 ; 0          ; 0    ; 0            ; |my_stopwatch|stopwatch_01:inst|lpm_divide:Mod2|lpm_divide_t3m:auto_generated|sign_div_unsign_0mh:divider                       ; work         ;
;                |alt_u_div_60f:divider|     ; 250 (250)         ; 0 (0)        ; 0                 ; 0          ; 0    ; 0            ; |my_stopwatch|stopwatch_01:inst|lpm_divide:Mod2|lpm_divide_t3m:auto_generated|sign_div_unsign_0mh:divider|alt_u_div_60f:divider ; work         ;
;       |lpm_divide:Mod3|                    ; 174 (0)           ; 0 (0)        ; 0                 ; 0          ; 0    ; 0            ; |my_stopwatch|stopwatch_01:inst|lpm_divide:Mod3                                                                                 ; work         ;
;          |lpm_divide_q3m:auto_generated|   ; 174 (0)           ; 0 (0)        ; 0                 ; 0          ; 0    ; 0            ; |my_stopwatch|stopwatch_01:inst|lpm_divide:Mod3|lpm_divide_q3m:auto_generated                                                   ; work         ;
;             |sign_div_unsign_tlh:divider|  ; 174 (0)           ; 0 (0)        ; 0                 ; 0          ; 0    ; 0            ; |my_stopwatch|stopwatch_01:inst|lpm_divide:Mod3|lpm_divide_q3m:auto_generated|sign_div_unsign_tlh:divider                       ; work         ;
;                |alt_u_div_00f:divider|     ; 174 (174)         ; 0 (0)        ; 0                 ; 0          ; 0    ; 0            ; |my_stopwatch|stopwatch_01:inst|lpm_divide:Mod3|lpm_divide_q3m:auto_generated|sign_div_unsign_tlh:divider|alt_u_div_00f:divider ; work         ;
;       |lpm_divide:Mod4|                    ; 126 (0)           ; 0 (0)        ; 0                 ; 0          ; 0    ; 0            ; |my_stopwatch|stopwatch_01:inst|lpm_divide:Mod4                                                                                 ; work         ;
;          |lpm_divide_q3m:auto_generated|   ; 126 (0)           ; 0 (0)        ; 0                 ; 0          ; 0    ; 0            ; |my_stopwatch|stopwatch_01:inst|lpm_divide:Mod4|lpm_divide_q3m:auto_generated                                                   ; work         ;
;             |sign_div_unsign_tlh:divider|  ; 126 (0)           ; 0 (0)        ; 0                 ; 0          ; 0    ; 0            ; |my_stopwatch|stopwatch_01:inst|lpm_divide:Mod4|lpm_divide_q3m:auto_generated|sign_div_unsign_tlh:divider                       ; work         ;
;                |alt_u_div_00f:divider|     ; 126 (126)         ; 0 (0)        ; 0                 ; 0          ; 0    ; 0            ; |my_stopwatch|stopwatch_01:inst|lpm_divide:Mod4|lpm_divide_q3m:auto_generated|sign_div_unsign_tlh:divider|alt_u_div_00f:divider ; work         ;
;       |sevenseg:LED8_minute_display_high|  ; 7 (7)             ; 0 (0)        ; 0                 ; 0          ; 0    ; 0            ; |my_stopwatch|stopwatch_01:inst|sevenseg:LED8_minute_display_high                                                               ; work         ;
;       |sevenseg:LED8_minute_display_low|   ; 7 (7)             ; 0 (0)        ; 0                 ; 0          ; 0    ; 0            ; |my_stopwatch|stopwatch_01:inst|sevenseg:LED8_minute_display_low                                                                ; work         ;
;       |sevenseg:LED8_msecond_display_high| ; 7 (7)             ; 0 (0)        ; 0                 ; 0          ; 0    ; 0            ; |my_stopwatch|stopwatch_01:inst|sevenseg:LED8_msecond_display_high                                                              ; work         ;
;       |sevenseg:LED8_msecond_display_low|  ; 7 (7)             ; 0 (0)        ; 0                 ; 0          ; 0    ; 0            ; |my_stopwatch|stopwatch_01:inst|sevenseg:LED8_msecond_display_low                                                               ; work         ;
;       |sevenseg:LED8_second_display_high|  ; 7 (7)             ; 0 (0)        ; 0                 ; 0          ; 0    ; 0            ; |my_stopwatch|stopwatch_01:inst|sevenseg:LED8_second_display_high                                                               ; work         ;
;       |sevenseg:LED8_second_display_low|   ; 7 (7)             ; 0 (0)        ; 0                 ; 0          ; 0    ; 0            ; |my_stopwatch|stopwatch_01:inst|sevenseg:LED8_second_display_low                                                                ; work         ;
+--------------------------------------------+-------------------+--------------+-------------------+------------+------+--------------+---------------------------------------------------------------------------------------------------------------------------------+--------------+
Note: For table entries with two numbers listed, the numbers in parentheses indicate the number of resources of the given type used by the specific entity alone. The numbers listed outside of parentheses indicate the total resources of the given type used by the specific entity and all of its sub-entities in the hierarchy.


+---------------------------------------------------------------------------------------+
; Registers Removed During Synthesis                                                    ;
+-----------------------------------------+---------------------------------------------+
; Register name                           ; Reason for Removal                          ;
+-----------------------------------------+---------------------------------------------+
; debouncer:inst7|counter_50M[31]         ; Merged with debouncer:inst6|counter_50M[31] ;
; debouncer:inst8|counter_50M[31]         ; Merged with debouncer:inst6|counter_50M[31] ;
; debouncer:inst9|counter_50M[31]         ; Merged with debouncer:inst6|counter_50M[31] ;
; stopwatch_01:inst|counter_50M[31]       ; Merged with debouncer:inst6|counter_50M[31] ;
; debouncer:inst7|counter_50M[30]         ; Merged with debouncer:inst6|counter_50M[30] ;
; debouncer:inst8|counter_50M[30]         ; Merged with debouncer:inst6|counter_50M[30] ;
; debouncer:inst9|counter_50M[30]         ; Merged with debouncer:inst6|counter_50M[30] ;
; stopwatch_01:inst|counter_50M[30]       ; Merged with debouncer:inst6|counter_50M[30] ;
; debouncer:inst7|counter_50M[29]         ; Merged with debouncer:inst6|counter_50M[29] ;
; debouncer:inst8|counter_50M[29]         ; Merged with debouncer:inst6|counter_50M[29] ;
; debouncer:inst9|counter_50M[29]         ; Merged with debouncer:inst6|counter_50M[29] ;
; stopwatch_01:inst|counter_50M[29]       ; Merged with debouncer:inst6|counter_50M[29] ;
; debouncer:inst7|counter_50M[28]         ; Merged with debouncer:inst6|counter_50M[28] ;
; debouncer:inst8|counter_50M[28]         ; Merged with debouncer:inst6|counter_50M[28] ;
; debouncer:inst9|counter_50M[28]         ; Merged with debouncer:inst6|counter_50M[28] ;
; stopwatch_01:inst|counter_50M[28]       ; Merged with debouncer:inst6|counter_50M[28] ;
; debouncer:inst7|counter_50M[27]         ; Merged with debouncer:inst6|counter_50M[27] ;
; debouncer:inst8|counter_50M[27]         ; Merged with debouncer:inst6|counter_50M[27] ;
; debouncer:inst9|counter_50M[27]         ; Merged with debouncer:inst6|counter_50M[27] ;
; stopwatch_01:inst|counter_50M[27]       ; Merged with debouncer:inst6|counter_50M[27] ;
; debouncer:inst7|counter_50M[26]         ; Merged with debouncer:inst6|counter_50M[26] ;
; debouncer:inst8|counter_50M[26]         ; Merged with debouncer:inst6|counter_50M[26] ;
; debouncer:inst9|counter_50M[26]         ; Merged with debouncer:inst6|counter_50M[26] ;
; stopwatch_01:inst|counter_50M[26]       ; Merged with debouncer:inst6|counter_50M[26] ;
; debouncer:inst7|counter_50M[25]         ; Merged with debouncer:inst6|counter_50M[25] ;
; debouncer:inst8|counter_50M[25]         ; Merged with debouncer:inst6|counter_50M[25] ;
; debouncer:inst9|counter_50M[25]         ; Merged with debouncer:inst6|counter_50M[25] ;
; stopwatch_01:inst|counter_50M[25]       ; Merged with debouncer:inst6|counter_50M[25] ;
; debouncer:inst7|counter_50M[24]         ; Merged with debouncer:inst6|counter_50M[24] ;
; debouncer:inst8|counter_50M[24]         ; Merged with debouncer:inst6|counter_50M[24] ;
; debouncer:inst9|counter_50M[24]         ; Merged with debouncer:inst6|counter_50M[24] ;
; stopwatch_01:inst|counter_50M[24]       ; Merged with debouncer:inst6|counter_50M[24] ;
; debouncer:inst7|counter_50M[23]         ; Merged with debouncer:inst6|counter_50M[23] ;
; debouncer:inst8|counter_50M[23]         ; Merged with debouncer:inst6|counter_50M[23] ;
; debouncer:inst9|counter_50M[23]         ; Merged with debouncer:inst6|counter_50M[23] ;
; stopwatch_01:inst|counter_50M[23]       ; Merged with debouncer:inst6|counter_50M[23] ;
; debouncer:inst7|counter_50M[22]         ; Merged with debouncer:inst6|counter_50M[22] ;
; debouncer:inst8|counter_50M[22]         ; Merged with debouncer:inst6|counter_50M[22] ;
; debouncer:inst9|counter_50M[22]         ; Merged with debouncer:inst6|counter_50M[22] ;
; stopwatch_01:inst|counter_50M[22]       ; Merged with debouncer:inst6|counter_50M[22] ;
; debouncer:inst7|counter_50M[21]         ; Merged with debouncer:inst6|counter_50M[21] ;
; debouncer:inst8|counter_50M[21]         ; Merged with debouncer:inst6|counter_50M[21] ;
; debouncer:inst9|counter_50M[21]         ; Merged with debouncer:inst6|counter_50M[21] ;
; stopwatch_01:inst|counter_50M[21]       ; Merged with debouncer:inst6|counter_50M[21] ;
; debouncer:inst7|counter_50M[20]         ; Merged with debouncer:inst6|counter_50M[20] ;
; debouncer:inst8|counter_50M[20]         ; Merged with debouncer:inst6|counter_50M[20] ;
; debouncer:inst9|counter_50M[20]         ; Merged with debouncer:inst6|counter_50M[20] ;
; stopwatch_01:inst|counter_50M[20]       ; Merged with debouncer:inst6|counter_50M[20] ;
; debouncer:inst7|counter_50M[19]         ; Merged with debouncer:inst6|counter_50M[19] ;
; debouncer:inst8|counter_50M[19]         ; Merged with debouncer:inst6|counter_50M[19] ;
; debouncer:inst9|counter_50M[19]         ; Merged with debouncer:inst6|counter_50M[19] ;
; stopwatch_01:inst|counter_50M[19]       ; Merged with debouncer:inst6|counter_50M[19] ;
; debouncer:inst7|counter_50M[18]         ; Merged with debouncer:inst6|counter_50M[18] ;
; debouncer:inst8|counter_50M[18]         ; Merged with debouncer:inst6|counter_50M[18] ;
; debouncer:inst9|counter_50M[18]         ; Merged with debouncer:inst6|counter_50M[18] ;
; stopwatch_01:inst|counter_50M[18]       ; Merged with debouncer:inst6|counter_50M[18] ;
; debouncer:inst7|counter_50M[17]         ; Merged with debouncer:inst6|counter_50M[17] ;
; debouncer:inst8|counter_50M[17]         ; Merged with debouncer:inst6|counter_50M[17] ;
; debouncer:inst9|counter_50M[17]         ; Merged with debouncer:inst6|counter_50M[17] ;
; stopwatch_01:inst|counter_50M[17]       ; Merged with debouncer:inst6|counter_50M[17] ;
; debouncer:inst7|counter_50M[16]         ; Merged with debouncer:inst6|counter_50M[16] ;
; debouncer:inst8|counter_50M[16]         ; Merged with debouncer:inst6|counter_50M[16] ;
; debouncer:inst9|counter_50M[16]         ; Merged with debouncer:inst6|counter_50M[16] ;
; stopwatch_01:inst|counter_50M[16]       ; Merged with debouncer:inst6|counter_50M[16] ;
; debouncer:inst7|counter_50M[15]         ; Merged with debouncer:inst6|counter_50M[15] ;
; debouncer:inst8|counter_50M[15]         ; Merged with debouncer:inst6|counter_50M[15] ;
; debouncer:inst9|counter_50M[15]         ; Merged with debouncer:inst6|counter_50M[15] ;
; stopwatch_01:inst|counter_50M[15]       ; Merged with debouncer:inst6|counter_50M[15] ;
; debouncer:inst7|counter_50M[14]         ; Merged with debouncer:inst6|counter_50M[14] ;
; debouncer:inst8|counter_50M[14]         ; Merged with debouncer:inst6|counter_50M[14] ;
; debouncer:inst9|counter_50M[14]         ; Merged with debouncer:inst6|counter_50M[14] ;
; stopwatch_01:inst|counter_50M[14]       ; Merged with debouncer:inst6|counter_50M[14] ;
; debouncer:inst7|counter_50M[13]         ; Merged with debouncer:inst6|counter_50M[13] ;
; debouncer:inst8|counter_50M[13]         ; Merged with debouncer:inst6|counter_50M[13] ;
; debouncer:inst9|counter_50M[13]         ; Merged with debouncer:inst6|counter_50M[13] ;
; stopwatch_01:inst|counter_50M[13]       ; Merged with debouncer:inst6|counter_50M[13] ;
; debouncer:inst7|counter_50M[12]         ; Merged with debouncer:inst6|counter_50M[12] ;
; debouncer:inst8|counter_50M[12]         ; Merged with debouncer:inst6|counter_50M[12] ;
; debouncer:inst9|counter_50M[12]         ; Merged with debouncer:inst6|counter_50M[12] ;
; stopwatch_01:inst|counter_50M[12]       ; Merged with debouncer:inst6|counter_50M[12] ;
; debouncer:inst7|counter_50M[11]         ; Merged with debouncer:inst6|counter_50M[11] ;
; debouncer:inst8|counter_50M[11]         ; Merged with debouncer:inst6|counter_50M[11] ;
; debouncer:inst9|counter_50M[11]         ; Merged with debouncer:inst6|counter_50M[11] ;
; stopwatch_01:inst|counter_50M[11]       ; Merged with debouncer:inst6|counter_50M[11] ;
; debouncer:inst7|counter_50M[10]         ; Merged with debouncer:inst6|counter_50M[10] ;
; debouncer:inst8|counter_50M[10]         ; Merged with debouncer:inst6|counter_50M[10] ;
; debouncer:inst9|counter_50M[10]         ; Merged with debouncer:inst6|counter_50M[10] ;
; stopwatch_01:inst|counter_50M[10]       ; Merged with debouncer:inst6|counter_50M[10] ;
; debouncer:inst7|counter_50M[9]          ; Merged with debouncer:inst6|counter_50M[9]  ;
; debouncer:inst8|counter_50M[9]          ; Merged with debouncer:inst6|counter_50M[9]  ;
; debouncer:inst9|counter_50M[9]          ; Merged with debouncer:inst6|counter_50M[9]  ;
; stopwatch_01:inst|counter_50M[9]        ; Merged with debouncer:inst6|counter_50M[9]  ;
; debouncer:inst7|counter_50M[8]          ; Merged with debouncer:inst6|counter_50M[8]  ;
; debouncer:inst8|counter_50M[8]          ; Merged with debouncer:inst6|counter_50M[8]  ;
; debouncer:inst9|counter_50M[8]          ; Merged with debouncer:inst6|counter_50M[8]  ;
; stopwatch_01:inst|counter_50M[8]        ; Merged with debouncer:inst6|counter_50M[8]  ;
; debouncer:inst7|counter_50M[7]          ; Merged with debouncer:inst6|counter_50M[7]  ;
; debouncer:inst8|counter_50M[7]          ; Merged with debouncer:inst6|counter_50M[7]  ;
; debouncer:inst9|counter_50M[7]          ; Merged with debouncer:inst6|counter_50M[7]  ;
; stopwatch_01:inst|counter_50M[7]        ; Merged with debouncer:inst6|counter_50M[7]  ;
; debouncer:inst7|counter_50M[6]          ; Merged with debouncer:inst6|counter_50M[6]  ;
; debouncer:inst8|counter_50M[6]          ; Merged with debouncer:inst6|counter_50M[6]  ;
; debouncer:inst9|counter_50M[6]          ; Merged with debouncer:inst6|counter_50M[6]  ;
; stopwatch_01:inst|counter_50M[6]        ; Merged with debouncer:inst6|counter_50M[6]  ;
; debouncer:inst7|counter_50M[5]          ; Merged with debouncer:inst6|counter_50M[5]  ;
; debouncer:inst8|counter_50M[5]          ; Merged with debouncer:inst6|counter_50M[5]  ;
; debouncer:inst9|counter_50M[5]          ; Merged with debouncer:inst6|counter_50M[5]  ;
; stopwatch_01:inst|counter_50M[5]        ; Merged with debouncer:inst6|counter_50M[5]  ;
; debouncer:inst7|counter_50M[4]          ; Merged with debouncer:inst6|counter_50M[4]  ;
; debouncer:inst8|counter_50M[4]          ; Merged with debouncer:inst6|counter_50M[4]  ;
; debouncer:inst9|counter_50M[4]          ; Merged with debouncer:inst6|counter_50M[4]  ;
; stopwatch_01:inst|counter_50M[4]        ; Merged with debouncer:inst6|counter_50M[4]  ;
; debouncer:inst7|counter_50M[3]          ; Merged with debouncer:inst6|counter_50M[3]  ;
; debouncer:inst8|counter_50M[3]          ; Merged with debouncer:inst6|counter_50M[3]  ;
; debouncer:inst9|counter_50M[3]          ; Merged with debouncer:inst6|counter_50M[3]  ;
; stopwatch_01:inst|counter_50M[3]        ; Merged with debouncer:inst6|counter_50M[3]  ;
; debouncer:inst7|counter_50M[2]          ; Merged with debouncer:inst6|counter_50M[2]  ;
; debouncer:inst8|counter_50M[2]          ; Merged with debouncer:inst6|counter_50M[2]  ;
; debouncer:inst9|counter_50M[2]          ; Merged with debouncer:inst6|counter_50M[2]  ;
; stopwatch_01:inst|counter_50M[2]        ; Merged with debouncer:inst6|counter_50M[2]  ;
; debouncer:inst7|counter_50M[1]          ; Merged with debouncer:inst6|counter_50M[1]  ;
; debouncer:inst8|counter_50M[1]          ; Merged with debouncer:inst6|counter_50M[1]  ;
; debouncer:inst9|counter_50M[1]          ; Merged with debouncer:inst6|counter_50M[1]  ;
; stopwatch_01:inst|counter_50M[1]        ; Merged with debouncer:inst6|counter_50M[1]  ;
; debouncer:inst7|counter_50M[0]          ; Merged with debouncer:inst6|counter_50M[0]  ;
; debouncer:inst8|counter_50M[0]          ; Merged with debouncer:inst6|counter_50M[0]  ;
; debouncer:inst9|counter_50M[0]          ; Merged with debouncer:inst6|counter_50M[0]  ;
; stopwatch_01:inst|counter_50M[0]        ; Merged with debouncer:inst6|counter_50M[0]  ;
; Total Number of Removed Registers = 128 ;                                             ;
+-----------------------------------------+---------------------------------------------+


+------------------------------------------------------+
; General Register Statistics                          ;
+----------------------------------------------+-------+
; Statistic                                    ; Value ;
+----------------------------------------------+-------+
; Total registers                              ; 123   ;
; Number of registers using Synchronous Clear  ; 99    ;
; Number of registers using Synchronous Load   ; 0     ;
; Number of registers using Asynchronous Clear ; 0     ;
; Number of registers using Asynchronous Load  ; 0     ;
; Number of registers using Clock Enable       ; 87    ;
; Number of registers using Preset             ; 0     ;
+----------------------------------------------+-------+


+--------------------------------------------------+
; Inverted Register Statistics                     ;
+----------------------------------------+---------+
; Inverted Register                      ; Fan out ;
+----------------------------------------+---------+
; stopwatch_01:inst|display_work         ; 2       ;
; Total number of inverted registers = 1 ;         ;
+----------------------------------------+---------+


+----------------------------------------------------------------------------------------------------------------------------------------------------------------------+
; Multiplexer Restructuring Statistics (Restructuring Performed)                                                                                                       ;
+--------------------+-----------+---------------+----------------------+------------------------+------------+--------------------------------------------------------+
; Multiplexer Inputs ; Bus Width ; Baseline Area ; Area if Restructured ; Saving if Restructured ; Registered ; Example Multiplexer Output                             ;
+--------------------+-----------+---------------+----------------------+------------------------+------------+--------------------------------------------------------+
; 3:1                ; 24 bits   ; 48 LEs        ; 0 LEs                ; 48 LEs                 ; Yes        ; |my_stopwatch|stopwatch_01:inst|minute_counter_high[2] ;
; 4:1                ; 19 bits   ; 38 LEs        ; 0 LEs                ; 38 LEs                 ; Yes        ; |my_stopwatch|stopwatch_01:inst|time_counter[13]       ;
; 5:1                ; 24 bits   ; 72 LEs        ; 0 LEs                ; 72 LEs                 ; Yes        ; |my_stopwatch|stopwatch_01:inst|second_display_high[1] ;
+--------------------+-----------+---------------+----------------------+------------------------+------------+--------------------------------------------------------+


+----------------------------------------------------------------+
; Parameter Settings for User Entity Instance: stopwatch_01:inst ;
+----------------+----------+------------------------------------+
; Parameter Name ; Value    ; Type                               ;
+----------------+----------+------------------------------------+
; DELAY_TIME     ; 10000000 ; Signed Integer                     ;
; MAX_TIME       ; 359999   ; Signed Integer                     ;
+----------------+----------+------------------------------------+
Note: In order to hide this table in the UI and the text report file, please set the "Show Parameter Settings in Synthesis Report" option in "Analysis and Synthesis Settings -> More Settings" to "Off".


+------------------------------------------------------------------------------------+
; Parameter Settings for Inferred Entity Instance: stopwatch_01:inst|lpm_divide:Div4 ;
+------------------------+----------------+------------------------------------------+
; Parameter Name         ; Value          ; Type                                     ;
+------------------------+----------------+------------------------------------------+
; LPM_WIDTHN             ; 19             ; Untyped                                  ;
; LPM_WIDTHD             ; 7              ; Untyped                                  ;
; LPM_NREPRESENTATION    ; UNSIGNED       ; Untyped                                  ;
; LPM_DREPRESENTATION    ; UNSIGNED       ; Untyped                                  ;
; LPM_PIPELINE           ; 0              ; Untyped                                  ;
; LPM_REMAINDERPOSITIVE  ; TRUE           ; Untyped                                  ;
; MAXIMIZE_SPEED         ; 5              ; Untyped                                  ;
; CBXI_PARAMETER         ; lpm_divide_qbm ; Untyped                                  ;
; CARRY_CHAIN            ; MANUAL         ; Untyped                                  ;
; OPTIMIZE_FOR_SPEED     ; 5              ; Untyped                                  ;
; AUTO_CARRY_CHAINS      ; ON             ; AUTO_CARRY                               ;
; IGNORE_CARRY_BUFFERS   ; OFF            ; IGNORE_CARRY                             ;
; AUTO_CASCADE_CHAINS    ; ON             ; AUTO_CASCADE                             ;
; IGNORE_CASCADE_BUFFERS ; OFF            ; IGNORE_CASCADE                           ;
+------------------------+----------------+------------------------------------------+
Note: In order to hide this table in the UI and the text report file, please set the "Show Parameter Settings in Synthesis Report" option in "Analysis and Synthesis Settings -> More Settings" to "Off".


+------------------------------------------------------------------------------------+
; Parameter Settings for Inferred Entity Instance: stopwatch_01:inst|lpm_divide:Mod4 ;
+------------------------+----------------+------------------------------------------+
; Parameter Name         ; Value          ; Type                                     ;
+------------------------+----------------+------------------------------------------+
; LPM_WIDTHN             ; 19             ; Untyped                                  ;
; LPM_WIDTHD             ; 4              ; Untyped                                  ;
; LPM_NREPRESENTATION    ; UNSIGNED       ; Untyped                                  ;
; LPM_DREPRESENTATION    ; UNSIGNED       ; Untyped                                  ;
; LPM_PIPELINE           ; 0              ; Untyped                                  ;
; LPM_REMAINDERPOSITIVE  ; TRUE           ; Untyped                                  ;
; MAXIMIZE_SPEED         ; 5              ; Untyped                                  ;
; CBXI_PARAMETER         ; lpm_divide_q3m ; Untyped                                  ;
; CARRY_CHAIN            ; MANUAL         ; Untyped                                  ;
; OPTIMIZE_FOR_SPEED     ; 5              ; Untyped                                  ;
; AUTO_CARRY_CHAINS      ; ON             ; AUTO_CARRY                               ;
; IGNORE_CARRY_BUFFERS   ; OFF            ; IGNORE_CARRY                             ;
; AUTO_CASCADE_CHAINS    ; ON             ; AUTO_CASCADE                             ;
; IGNORE_CASCADE_BUFFERS ; OFF            ; IGNORE_CASCADE                           ;
+------------------------+----------------+------------------------------------------+
Note: In order to hide this table in the UI and the text report file, please set the "Show Parameter Settings in Synthesis Report" option in "Analysis and Synthesis Settings -> More Settings" to "Off".


+------------------------------------------------------------------------------------+
; Parameter Settings for Inferred Entity Instance: stopwatch_01:inst|lpm_divide:Mod3 ;
+------------------------+----------------+------------------------------------------+
; Parameter Name         ; Value          ; Type                                     ;
+------------------------+----------------+------------------------------------------+
; LPM_WIDTHN             ; 19             ; Untyped                                  ;
; LPM_WIDTHD             ; 4              ; Untyped                                  ;
; LPM_NREPRESENTATION    ; UNSIGNED       ; Untyped                                  ;
; LPM_DREPRESENTATION    ; UNSIGNED       ; Untyped                                  ;
; LPM_PIPELINE           ; 0              ; Untyped                                  ;
; LPM_REMAINDERPOSITIVE  ; TRUE           ; Untyped                                  ;
; MAXIMIZE_SPEED         ; 5              ; Untyped                                  ;
; CBXI_PARAMETER         ; lpm_divide_q3m ; Untyped                                  ;
; CARRY_CHAIN            ; MANUAL         ; Untyped                                  ;
; OPTIMIZE_FOR_SPEED     ; 5              ; Untyped                                  ;
; AUTO_CARRY_CHAINS      ; ON             ; AUTO_CARRY                               ;
; IGNORE_CARRY_BUFFERS   ; OFF            ; IGNORE_CARRY                             ;
; AUTO_CASCADE_CHAINS    ; ON             ; AUTO_CASCADE                             ;
; IGNORE_CASCADE_BUFFERS ; OFF            ; IGNORE_CASCADE                           ;
+------------------------+----------------+------------------------------------------+
Note: In order to hide this table in the UI and the text report file, please set the "Show Parameter Settings in Synthesis Report" option in "Analysis and Synthesis Settings -> More Settings" to "Off".


+------------------------------------------------------------------------------------+
; Parameter Settings for Inferred Entity Instance: stopwatch_01:inst|lpm_divide:Mod2 ;
+------------------------+----------------+------------------------------------------+
; Parameter Name         ; Value          ; Type                                     ;
+------------------------+----------------+------------------------------------------+
; LPM_WIDTHN             ; 19             ; Untyped                                  ;
; LPM_WIDTHD             ; 7              ; Untyped                                  ;
; LPM_NREPRESENTATION    ; UNSIGNED       ; Untyped                                  ;
; LPM_DREPRESENTATION    ; UNSIGNED       ; Untyped                                  ;
; LPM_PIPELINE           ; 0              ; Untyped                                  ;
; LPM_REMAINDERPOSITIVE  ; TRUE           ; Untyped                                  ;
; MAXIMIZE_SPEED         ; 5              ; Untyped                                  ;
; CBXI_PARAMETER         ; lpm_divide_t3m ; Untyped                                  ;
; CARRY_CHAIN            ; MANUAL         ; Untyped                                  ;
; OPTIMIZE_FOR_SPEED     ; 5              ; Untyped                                  ;
; AUTO_CARRY_CHAINS      ; ON             ; AUTO_CARRY                               ;
; IGNORE_CARRY_BUFFERS   ; OFF            ; IGNORE_CARRY                             ;
; AUTO_CASCADE_CHAINS    ; ON             ; AUTO_CASCADE                             ;
; IGNORE_CASCADE_BUFFERS ; OFF            ; IGNORE_CASCADE                           ;
+------------------------+----------------+------------------------------------------+
Note: In order to hide this table in the UI and the text report file, please set the "Show Parameter Settings in Synthesis Report" option in "Analysis and Synthesis Settings -> More Settings" to "Off".


+------------------------------------------------------------------------------------+
; Parameter Settings for Inferred Entity Instance: stopwatch_01:inst|lpm_divide:Div3 ;
+------------------------+----------------+------------------------------------------+
; Parameter Name         ; Value          ; Type                                     ;
+------------------------+----------------+------------------------------------------+
; LPM_WIDTHN             ; 7              ; Untyped                                  ;
; LPM_WIDTHD             ; 4              ; Untyped                                  ;
; LPM_NREPRESENTATION    ; UNSIGNED       ; Untyped                                  ;
; LPM_DREPRESENTATION    ; UNSIGNED       ; Untyped                                  ;
; LPM_PIPELINE           ; 0              ; Untyped                                  ;
; LPM_REMAINDERPOSITIVE  ; TRUE           ; Untyped                                  ;
; MAXIMIZE_SPEED         ; 5              ; Untyped                                  ;
; CBXI_PARAMETER         ; lpm_divide_4am ; Untyped                                  ;
; CARRY_CHAIN            ; MANUAL         ; Untyped                                  ;
; OPTIMIZE_FOR_SPEED     ; 5              ; Untyped                                  ;
; AUTO_CARRY_CHAINS      ; ON             ; AUTO_CARRY                               ;
; IGNORE_CARRY_BUFFERS   ; OFF            ; IGNORE_CARRY                             ;
; AUTO_CASCADE_CHAINS    ; ON             ; AUTO_CASCADE                             ;
; IGNORE_CASCADE_BUFFERS ; OFF            ; IGNORE_CASCADE                           ;
+------------------------+----------------+------------------------------------------+
Note: In order to hide this table in the UI and the text report file, please set the "Show Parameter Settings in Synthesis Report" option in "Analysis and Synthesis Settings -> More Settings" to "Off".


+------------------------------------------------------------------------------------+
; Parameter Settings for Inferred Entity Instance: stopwatch_01:inst|lpm_divide:Mod1 ;
+------------------------+----------------+------------------------------------------+
; Parameter Name         ; Value          ; Type                                     ;
+------------------------+----------------+------------------------------------------+
; LPM_WIDTHN             ; 19             ; Untyped                                  ;
; LPM_WIDTHD             ; 13             ; Untyped                                  ;
; LPM_NREPRESENTATION    ; UNSIGNED       ; Untyped                                  ;
; LPM_DREPRESENTATION    ; UNSIGNED       ; Untyped                                  ;
; LPM_PIPELINE           ; 0              ; Untyped                                  ;
; LPM_REMAINDERPOSITIVE  ; TRUE           ; Untyped                                  ;
; MAXIMIZE_SPEED         ; 5              ; Untyped                                  ;
; CBXI_PARAMETER         ; lpm_divide_a5m ; Untyped                                  ;
; CARRY_CHAIN            ; MANUAL         ; Untyped                                  ;
; OPTIMIZE_FOR_SPEED     ; 5              ; Untyped                                  ;
; AUTO_CARRY_CHAINS      ; ON             ; AUTO_CARRY                               ;
; IGNORE_CARRY_BUFFERS   ; OFF            ; IGNORE_CARRY                             ;
; AUTO_CASCADE_CHAINS    ; ON             ; AUTO_CASCADE                             ;
; IGNORE_CASCADE_BUFFERS ; OFF            ; IGNORE_CASCADE                           ;
+------------------------+----------------+------------------------------------------+
Note: In order to hide this table in the UI and the text report file, please set the "Show Parameter Settings in Synthesis Report" option in "Analysis and Synthesis Settings -> More Settings" to "Off".


+------------------------------------------------------------------------------------+
; Parameter Settings for Inferred Entity Instance: stopwatch_01:inst|lpm_divide:Div2 ;
+------------------------+----------------+------------------------------------------+
; Parameter Name         ; Value          ; Type                                     ;
+------------------------+----------------+------------------------------------------+
; LPM_WIDTHN             ; 13             ; Untyped                                  ;
; LPM_WIDTHD             ; 10             ; Untyped                                  ;
; LPM_NREPRESENTATION    ; UNSIGNED       ; Untyped                                  ;
; LPM_DREPRESENTATION    ; UNSIGNED       ; Untyped                                  ;
; LPM_PIPELINE           ; 0              ; Untyped                                  ;
; LPM_REMAINDERPOSITIVE  ; TRUE           ; Untyped                                  ;
; MAXIMIZE_SPEED         ; 5              ; Untyped                                  ;
; CBXI_PARAMETER         ; lpm_divide_ucm ; Untyped                                  ;
; CARRY_CHAIN            ; MANUAL         ; Untyped                                  ;
; OPTIMIZE_FOR_SPEED     ; 5              ; Untyped                                  ;
; AUTO_CARRY_CHAINS      ; ON             ; AUTO_CARRY                               ;
; IGNORE_CARRY_BUFFERS   ; OFF            ; IGNORE_CARRY                             ;
; AUTO_CASCADE_CHAINS    ; ON             ; AUTO_CASCADE                             ;
; IGNORE_CASCADE_BUFFERS ; OFF            ; IGNORE_CASCADE                           ;
+------------------------+----------------+------------------------------------------+
Note: In order to hide this table in the UI and the text report file, please set the "Show Parameter Settings in Synthesis Report" option in "Analysis and Synthesis Settings -> More Settings" to "Off".


+------------------------------------------------------------------------------------+
; Parameter Settings for Inferred Entity Instance: stopwatch_01:inst|lpm_divide:Div1 ;
+------------------------+----------------+------------------------------------------+
; Parameter Name         ; Value          ; Type                                     ;
+------------------------+----------------+------------------------------------------+
; LPM_WIDTHN             ; 19             ; Untyped                                  ;
; LPM_WIDTHD             ; 13             ; Untyped                                  ;
; LPM_NREPRESENTATION    ; UNSIGNED       ; Untyped                                  ;
; LPM_DREPRESENTATION    ; UNSIGNED       ; Untyped                                  ;
; LPM_PIPELINE           ; 0              ; Untyped                                  ;
; LPM_REMAINDERPOSITIVE  ; TRUE           ; Untyped                                  ;
; MAXIMIZE_SPEED         ; 5              ; Untyped                                  ;
; CBXI_PARAMETER         ; lpm_divide_7dm ; Untyped                                  ;
; CARRY_CHAIN            ; MANUAL         ; Untyped                                  ;
; OPTIMIZE_FOR_SPEED     ; 5              ; Untyped                                  ;
; AUTO_CARRY_CHAINS      ; ON             ; AUTO_CARRY                               ;
; IGNORE_CARRY_BUFFERS   ; OFF            ; IGNORE_CARRY                             ;
; AUTO_CASCADE_CHAINS    ; ON             ; AUTO_CASCADE                             ;
; IGNORE_CASCADE_BUFFERS ; OFF            ; IGNORE_CASCADE                           ;
+------------------------+----------------+------------------------------------------+
Note: In order to hide this table in the UI and the text report file, please set the "Show Parameter Settings in Synthesis Report" option in "Analysis and Synthesis Settings -> More Settings" to "Off".


+------------------------------------------------------------------------------------+
; Parameter Settings for Inferred Entity Instance: stopwatch_01:inst|lpm_divide:Mod0 ;
+------------------------+----------------+------------------------------------------+
; Parameter Name         ; Value          ; Type                                     ;
+------------------------+----------------+------------------------------------------+
; LPM_WIDTHN             ; 19             ; Untyped                                  ;
; LPM_WIDTHD             ; 4              ; Untyped                                  ;
; LPM_NREPRESENTATION    ; UNSIGNED       ; Untyped                                  ;
; LPM_DREPRESENTATION    ; UNSIGNED       ; Untyped                                  ;
; LPM_PIPELINE           ; 0              ; Untyped                                  ;
; LPM_REMAINDERPOSITIVE  ; TRUE           ; Untyped                                  ;
; MAXIMIZE_SPEED         ; 5              ; Untyped                                  ;
; CBXI_PARAMETER         ; lpm_divide_q3m ; Untyped                                  ;
; CARRY_CHAIN            ; MANUAL         ; Untyped                                  ;
; OPTIMIZE_FOR_SPEED     ; 5              ; Untyped                                  ;
; AUTO_CARRY_CHAINS      ; ON             ; AUTO_CARRY                               ;
; IGNORE_CARRY_BUFFERS   ; OFF            ; IGNORE_CARRY                             ;
; AUTO_CASCADE_CHAINS    ; ON             ; AUTO_CASCADE                             ;
; IGNORE_CASCADE_BUFFERS ; OFF            ; IGNORE_CASCADE                           ;
+------------------------+----------------+------------------------------------------+
Note: In order to hide this table in the UI and the text report file, please set the "Show Parameter Settings in Synthesis Report" option in "Analysis and Synthesis Settings -> More Settings" to "Off".


+------------------------------------------------------------------------------------+
; Parameter Settings for Inferred Entity Instance: stopwatch_01:inst|lpm_divide:Div0 ;
+------------------------+----------------+------------------------------------------+
; Parameter Name         ; Value          ; Type                                     ;
+------------------------+----------------+------------------------------------------+
; LPM_WIDTHN             ; 19             ; Untyped                                  ;
; LPM_WIDTHD             ; 16             ; Untyped                                  ;
; LPM_NREPRESENTATION    ; UNSIGNED       ; Untyped                                  ;
; LPM_DREPRESENTATION    ; UNSIGNED       ; Untyped                                  ;
; LPM_PIPELINE           ; 0              ; Untyped                                  ;
; LPM_REMAINDERPOSITIVE  ; TRUE           ; Untyped                                  ;
; MAXIMIZE_SPEED         ; 5              ; Untyped                                  ;
; CBXI_PARAMETER         ; lpm_divide_adm ; Untyped                                  ;
; CARRY_CHAIN            ; MANUAL         ; Untyped                                  ;
; OPTIMIZE_FOR_SPEED     ; 5              ; Untyped                                  ;
; AUTO_CARRY_CHAINS      ; ON             ; AUTO_CARRY                               ;
; IGNORE_CARRY_BUFFERS   ; OFF            ; IGNORE_CARRY                             ;
; AUTO_CASCADE_CHAINS    ; ON             ; AUTO_CASCADE                             ;
; IGNORE_CASCADE_BUFFERS ; OFF            ; IGNORE_CASCADE                           ;
+------------------------+----------------+------------------------------------------+
Note: In order to hide this table in the UI and the text report file, please set the "Show Parameter Settings in Synthesis Report" option in "Analysis and Synthesis Settings -> More Settings" to "Off".


+-------------------------------+
; Elapsed Time Per Partition    ;
+----------------+--------------+
; Partition Name ; Elapsed Time ;
+----------------+--------------+
; Top            ; 00:00:02     ;
+----------------+--------------+


+-------------------------------+
; Analysis & Synthesis Messages ;
+-------------------------------+
Info: *******************************************************************
Info: Running Quartus II 64-Bit Analysis & Synthesis
    Info: Version 13.1.0 Build 162 10/23/2013 SJ Web Edition
    Info: Processing started: Mon May 03 22:24:36 2021
Info: Command: quartus_map --read_settings_files=on --write_settings_files=off my_stopwatch -c my_stopwatch
Warning (20028): Parallel compilation is not licensed and has been disabled
Info (12021): Found 1 design units, including 1 entities, in source file my_stopwatch.bdf
    Info (12023): Found entity 1: my_stopwatch
Info (12021): Found 3 design units, including 3 entities, in source file my_stopwatch.v
    Info (12023): Found entity 1: stopwatch_01
    Info (12023): Found entity 2: sevenseg
    Info (12023): Found entity 3: debouncer
Warning (10227): Verilog HDL Port Declaration warning at my_stopwatch.v(161): data type declaration for "ledsegments" declares packed dimensions but the port declaration declaration does not
Info (10499): HDL info at my_stopwatch.v(160): see declaration for object "ledsegments"
Info (12127): Elaborating entity "my_stopwatch" for the top level hierarchy
Info (12128): Elaborating entity "stopwatch_01" for hierarchy "stopwatch_01:inst"
Warning (10230): Verilog HDL assignment warning at my_stopwatch.v(96): truncated value with size 32 to match size of target (19)
Warning (10230): Verilog HDL assignment warning at my_stopwatch.v(101): truncated value with size 32 to match size of target (4)
Warning (10230): Verilog HDL assignment warning at my_stopwatch.v(102): truncated value with size 32 to match size of target (4)
Warning (10230): Verilog HDL assignment warning at my_stopwatch.v(103): truncated value with size 32 to match size of target (4)
Warning (10230): Verilog HDL assignment warning at my_stopwatch.v(104): truncated value with size 32 to match size of target (4)
Warning (10230): Verilog HDL assignment warning at my_stopwatch.v(105): truncated value with size 32 to match size of target (4)
Warning (10230): Verilog HDL assignment warning at my_stopwatch.v(106): truncated value with size 32 to match size of target (4)
Warning (10230): Verilog HDL assignment warning at my_stopwatch.v(109): truncated value with size 32 to match size of target (10)
Info (12128): Elaborating entity "sevenseg" for hierarchy "stopwatch_01:inst|sevenseg:LED8_minute_display_high"
Info (12128): Elaborating entity "debouncer" for hierarchy "debouncer:inst6"
Info (278001): Inferred 10 megafunctions from design logic
    Info (278004): Inferred divider/modulo megafunction ("lpm_divide") from the following logic: "stopwatch_01:inst|Div4"
    Info (278004): Inferred divider/modulo megafunction ("lpm_divide") from the following logic: "stopwatch_01:inst|Mod4"
    Info (278004): Inferred divider/modulo megafunction ("lpm_divide") from the following logic: "stopwatch_01:inst|Mod3"
    Info (278004): Inferred divider/modulo megafunction ("lpm_divide") from the following logic: "stopwatch_01:inst|Mod2"
    Info (278004): Inferred divider/modulo megafunction ("lpm_divide") from the following logic: "stopwatch_01:inst|Div3"
    Info (278004): Inferred divider/modulo megafunction ("lpm_divide") from the following logic: "stopwatch_01:inst|Mod1"
    Info (278004): Inferred divider/modulo megafunction ("lpm_divide") from the following logic: "stopwatch_01:inst|Div2"
    Info (278004): Inferred divider/modulo megafunction ("lpm_divide") from the following logic: "stopwatch_01:inst|Div1"
    Info (278004): Inferred divider/modulo megafunction ("lpm_divide") from the following logic: "stopwatch_01:inst|Mod0"
    Info (278004): Inferred divider/modulo megafunction ("lpm_divide") from the following logic: "stopwatch_01:inst|Div0"
Info (12130): Elaborated megafunction instantiation "stopwatch_01:inst|lpm_divide:Div4"
Info (12133): Instantiated megafunction "stopwatch_01:inst|lpm_divide:Div4" with the following parameter:
    Info (12134): Parameter "LPM_WIDTHN" = "19"
    Info (12134): Parameter "LPM_WIDTHD" = "7"
    Info (12134): Parameter "LPM_NREPRESENTATION" = "UNSIGNED"
    Info (12134): Parameter "LPM_DREPRESENTATION" = "UNSIGNED"
Info (12021): Found 1 design units, including 1 entities, in source file db/lpm_divide_qbm.tdf
    Info (12023): Found entity 1: lpm_divide_qbm
Info (12021): Found 1 design units, including 1 entities, in source file db/sign_div_unsign_0mh.tdf
    Info (12023): Found entity 1: sign_div_unsign_0mh
Info (12021): Found 1 design units, including 1 entities, in source file db/alt_u_div_60f.tdf
    Info (12023): Found entity 1: alt_u_div_60f
Info (12130): Elaborated megafunction instantiation "stopwatch_01:inst|lpm_divide:Mod4"
Info (12133): Instantiated megafunction "stopwatch_01:inst|lpm_divide:Mod4" with the following parameter:
    Info (12134): Parameter "LPM_WIDTHN" = "19"
    Info (12134): Parameter "LPM_WIDTHD" = "4"
    Info (12134): Parameter "LPM_NREPRESENTATION" = "UNSIGNED"
    Info (12134): Parameter "LPM_DREPRESENTATION" = "UNSIGNED"
Info (12021): Found 1 design units, including 1 entities, in source file db/lpm_divide_q3m.tdf
    Info (12023): Found entity 1: lpm_divide_q3m
Info (12021): Found 1 design units, including 1 entities, in source file db/sign_div_unsign_tlh.tdf
    Info (12023): Found entity 1: sign_div_unsign_tlh
Info (12021): Found 1 design units, including 1 entities, in source file db/alt_u_div_00f.tdf
    Info (12023): Found entity 1: alt_u_div_00f
Info (12130): Elaborated megafunction instantiation "stopwatch_01:inst|lpm_divide:Mod2"
Info (12133): Instantiated megafunction "stopwatch_01:inst|lpm_divide:Mod2" with the following parameter:
    Info (12134): Parameter "LPM_WIDTHN" = "19"
    Info (12134): Parameter "LPM_WIDTHD" = "7"
    Info (12134): Parameter "LPM_NREPRESENTATION" = "UNSIGNED"
    Info (12134): Parameter "LPM_DREPRESENTATION" = "UNSIGNED"
Info (12021): Found 1 design units, including 1 entities, in source file db/lpm_divide_t3m.tdf
    Info (12023): Found entity 1: lpm_divide_t3m
Info (12130): Elaborated megafunction instantiation "stopwatch_01:inst|lpm_divide:Div3"
Info (12133): Instantiated megafunction "stopwatch_01:inst|lpm_divide:Div3" with the following parameter:
    Info (12134): Parameter "LPM_WIDTHN" = "7"
    Info (12134): Parameter "LPM_WIDTHD" = "4"
    Info (12134): Parameter "LPM_NREPRESENTATION" = "UNSIGNED"
    Info (12134): Parameter "LPM_DREPRESENTATION" = "UNSIGNED"
Info (12021): Found 1 design units, including 1 entities, in source file db/lpm_divide_4am.tdf
    Info (12023): Found entity 1: lpm_divide_4am
Info (12021): Found 1 design units, including 1 entities, in source file db/sign_div_unsign_akh.tdf
    Info (12023): Found entity 1: sign_div_unsign_akh
Info (12021): Found 1 design units, including 1 entities, in source file db/alt_u_div_qse.tdf
    Info (12023): Found entity 1: alt_u_div_qse
Info (12130): Elaborated megafunction instantiation "stopwatch_01:inst|lpm_divide:Mod1"
Info (12133): Instantiated megafunction "stopwatch_01:inst|lpm_divide:Mod1" with the following parameter:
    Info (12134): Parameter "LPM_WIDTHN" = "19"
    Info (12134): Parameter "LPM_WIDTHD" = "13"
    Info (12134): Parameter "LPM_NREPRESENTATION" = "UNSIGNED"
    Info (12134): Parameter "LPM_DREPRESENTATION" = "UNSIGNED"
Info (12021): Found 1 design units, including 1 entities, in source file db/lpm_divide_a5m.tdf
    Info (12023): Found entity 1: lpm_divide_a5m
Info (12021): Found 1 design units, including 1 entities, in source file db/sign_div_unsign_dnh.tdf
    Info (12023): Found entity 1: sign_div_unsign_dnh
Info (12021): Found 1 design units, including 1 entities, in source file db/alt_u_div_03f.tdf
    Info (12023): Found entity 1: alt_u_div_03f
Info (12130): Elaborated megafunction instantiation "stopwatch_01:inst|lpm_divide:Div2"
Info (12133): Instantiated megafunction "stopwatch_01:inst|lpm_divide:Div2" with the following parameter:
    Info (12134): Parameter "LPM_WIDTHN" = "13"
    Info (12134): Parameter "LPM_WIDTHD" = "10"
    Info (12134): Parameter "LPM_NREPRESENTATION" = "UNSIGNED"
    Info (12134): Parameter "LPM_DREPRESENTATION" = "UNSIGNED"
Info (12021): Found 1 design units, including 1 entities, in source file db/lpm_divide_ucm.tdf
    Info (12023): Found entity 1: lpm_divide_ucm
Info (12021): Found 1 design units, including 1 entities, in source file db/sign_div_unsign_4nh.tdf
    Info (12023): Found entity 1: sign_div_unsign_4nh
Info (12021): Found 1 design units, including 1 entities, in source file db/alt_u_div_e2f.tdf
    Info (12023): Found entity 1: alt_u_div_e2f
Info (12130): Elaborated megafunction instantiation "stopwatch_01:inst|lpm_divide:Div1"
Info (12133): Instantiated megafunction "stopwatch_01:inst|lpm_divide:Div1" with the following parameter:
    Info (12134): Parameter "LPM_WIDTHN" = "19"
    Info (12134): Parameter "LPM_WIDTHD" = "13"
    Info (12134): Parameter "LPM_NREPRESENTATION" = "UNSIGNED"
    Info (12134): Parameter "LPM_DREPRESENTATION" = "UNSIGNED"
Info (12021): Found 1 design units, including 1 entities, in source file db/lpm_divide_7dm.tdf
    Info (12023): Found entity 1: lpm_divide_7dm
Info (12130): Elaborated megafunction instantiation "stopwatch_01:inst|lpm_divide:Div0"
Info (12133): Instantiated megafunction "stopwatch_01:inst|lpm_divide:Div0" with the following parameter:
    Info (12134): Parameter "LPM_WIDTHN" = "19"
    Info (12134): Parameter "LPM_WIDTHD" = "16"
    Info (12134): Parameter "LPM_NREPRESENTATION" = "UNSIGNED"
    Info (12134): Parameter "LPM_DREPRESENTATION" = "UNSIGNED"
Info (12021): Found 1 design units, including 1 entities, in source file db/lpm_divide_adm.tdf
    Info (12023): Found entity 1: lpm_divide_adm
Info (12021): Found 1 design units, including 1 entities, in source file db/sign_div_unsign_gnh.tdf
    Info (12023): Found entity 1: sign_div_unsign_gnh
Info (12021): Found 1 design units, including 1 entities, in source file db/alt_u_div_63f.tdf
    Info (12023): Found entity 1: alt_u_div_63f
Info (286030): Timing-Driven Synthesis is running
Info (144001): Generated suppressed messages file D:/FPGA_demos/my_stopwatch/output_files/my_stopwatch.map.smsg
Info (16010): Generating hard_block partition "hard_block:auto_generated_inst"
    Info (16011): Adding 0 node(s), including 0 DDIO, 0 PLL, 0 transceiver and 0 LCELL
Info (21057): Implemented 1775 device resources after synthesis - the final resource count might be different
    Info (21058): Implemented 5 input pins
    Info (21059): Implemented 52 output pins
    Info (21061): Implemented 1718 logic cells
Info: Quartus II 64-Bit Analysis & Synthesis was successful. 0 errors, 10 warnings
    Info: Peak virtual memory: 4720 megabytes
    Info: Processing ended: Mon May 03 22:24:39 2021
    Info: Elapsed time: 00:00:03
    Info: Total CPU time (on all processors): 00:00:03


+------------------------------------------+
; Analysis & Synthesis Suppressed Messages ;
+------------------------------------------+
The suppressed messages can be found in D:/FPGA_demos/my_stopwatch/output_files/my_stopwatch.map.smsg.


